[   0.000000] Initializing cgroup subsy cpset
[   0.00000]Initilizng cgroup subsys cpu
[    0.000000] Initializing cgroup subsys cpuacct
[    0.000000] Linux version 4.4.0-98-generic (buildd@lcy01-03) (gcc version 5.4.0 2016069 (Ubutu 5.4.0-6ubuntu1~16.04.4) ) #121-Ubuntu SMP Tue Oct 10 14:24:03 UTC 2017 (Ubuntu 4.4.0-98.121-generic 4.4.90)
[    0.000000] Command line: BOOT_IMAGE=/boot/vmlinuz-4.4.0-98-generic root=UUID=ce24233e-85c4-4f5b-a084-25bb2493ad65 ro console=tty1 console=ttyS0
[    0.000000] KERNEL supported cpus:
[    0.000000]   Intel GenuineIntel
[    0.000000]   AMD AuthenticAMD
[    0.000000]   Centaur CentaurHauls
[    0.000000] x86/fpu: Legacy x87 FPU detected.
[    0.000000] x86/fpu: Using 'lazy' FPU context switches.
[    0.000000] e820: BIOS-provided physical RAM map:
[    0.000000] BIOS-e820: [mem 0x0000000000000000-0x000000000009fbff] usable
[    0.000000] BIOS-e820: [mem 0x000000000009fc00-0x000000000009ffff] reserved
[    0.000000] BIOS-e820: [mem 0x00000000000f0000-0x00000000000fffff] reserved
[    0.000000] BIOS-e820: [mem 0x0000000000100000-0x000000003ffeffff] usable
[    0.000000] BIOS-e820: [mem 0x000000003fff0000-0x000000003fffffff] ACPI data
[    0.000000] BIOS-e820: [mem 0x00000000fffc0000-0x00000000ffffffff] reserved
[    0.000000] NX (Execute Disable) protection: active
[    0.000000] SMBIOS 2.5 present.
[    0.000000] e820: last_pfn = 0x3fff0 max_arch_pfn = 0x400000000
[    0.000000] MTRR: Disabled
[    0.000000] x86/PAT: MTRRs disabled, skipping PAT initialization too.
[    0.000000] CPU MTRRs all blank - virtualized system.
[    0.000000] x86/PAT: Configuration [0-7]: WB  WT  UC- UC  WB  WT  UC- UC  
[    0.000000] found SMP MP-table at [mem 0x0009fff0-0x0009ffff] mapped at [ffff88000009fff0]
[    0.000000] Scanning 1 areas for low memory corruption
[    0.000000] RAMDISK: [mem 0x36230000-0x3710ffff]
[    0.000000] ACPI: Early table checksum verification disabled
[    0.000000] ACPI: RSDP 0x00000000000E0000 000024 (v02 VBOX  )
[    0.000000] ACPI: XSDT 0x000000003FFF0030 00003C (v01 VBOX   VBOXXSDT 00000001 ASL  00000061)
[    0.000000] ACPI: FACP 0x000000003FFF00F0 0000F4 (v04 VBOX   VBOXFACP 00000001 ASL  00000061)
[    0.000000] ACPI: DSDT 0x000000003FFF0470 001BF1 (v01 VBOX   VBOXBIOS 00000002 INTL 20140214)
[    0.000000] ACPI: FACS 0x000000003FFF0200 000040
[    0.000000] ACPI: FACS 0x000000003FFF0200 000040
[    0.000000] ACPI: APIC 0x000000003FFF0240 00005C (v02 VBOX   VBOXAPIC 00000001 ASL  00000061)
[    0.000000] ACPI: SSDT 0x000000003FFF02A0 0001CC (v01 VBOX   VBOXCPUT 00000002 INTL 20140214)
[    0.000000] No NUMA configuration found
[    0.000000] Faking a node at [mem 0x0000000000000000-0x000000003ffeffff]
[    0.000000] NODE_DATA(0) allocated [mem 0x3ffeb000-0x3ffeffff]
[    0.000000] Zone ranges:
[    0.000000]   DMA      [mem 0x0000000000001000-0x0000000000ffffff]
[    0.000000]   DMA32    [mem 0x0000000001000000-0x000000003ffeffff]
[    0.000000]   Normal   empty
[    0.000000]   Device   empty
[    0.000000] Movable zone start for each node
[    0.000000] Early memory node ranges
[    0.000000]   node   0: [mem 0x0000000000001000-0x000000000009efff]
[    0.000000]   node   0: [mem 0x0000000000100000-0x000000003ffeffff]
[    0.000000] Initmem setup node 0 [mem 0x0000000000001000-0x000000003ffeffff]
[    0.000000] ACPI: PM-Timer IO Port: 0x4008
[    0.000000] IOAPIC[0]: apic_id 2, version 17, address 0xfec00000, GSI 0-23
[    0.000000] ACPI: INT_SRC_OVR (bus 0 bus_irq 0 global_irq 2 dfl dfl)
[    0.000000] ACPI: INT_SRC_OVR (bus 0 bus_irq 9 global_irq 9 high level)
[    0.000000] Using ACPI (MADT) for SMP configuration information
[    0.000000] smpboot: Allowing 2 CPUs, 0 hotplug CPUs
[    0.000000] PM: Registered nosave memory: [mem 0x00000000-0x00000fff]
[    0.000000] PM: Registered nosave memory: [mem 0x0009f000-0x0009ffff]
[    0.000000] PM: Registered nosave memory: [mem 0x000a0000-0x000effff]
[    0.000000] PM: Registered nosave memory: [mem 0x000f0000-0x000fffff]
[    0.000000] e820: [mem 0x40000000-0xfffbffff] available for PCI devices
[    0.000000] Booting paravirtualized kernel on bare hardware
[    0.000000] clocksource: refined-jiffies: mask: 0xffffffff max_cycles: 0xffffffff, max_idle_ns: 76451960021168 s
[   0.00000] setup_percpu:NR_PUS:52 nr_cpumsk_bis:12 nrcpu_ids:2 nr_node_ids:1
[    0.000000] PECPU: mbedded 4 pges/cpu ffff8003f00000 s9828 r892 d32744 u1048576
[    0.000000] Built 1 zonelists in Node order, mobility grouping on.  Total pages: 257913
[    0.000000] Policy zone: DMA32
[    0.000000] Kernel command line: BOOT_IMAGE=/boot/vmlinuz-4.4.0-98-generic root=UUID=ce24233e-85c4-4f5b-a084-25bb2493ad65 ro console=tty1 console=ttyS0
[    0.000000] PID hash table entries: 4096 (order: 3, 32768 bytes)
[    0.000000] Memory: 997368K/1048120K available (8484K kernel code, 1294K rwdata, 3988K rodata, 1492K init, 1316K bss, 50752K reserved, 0K cma-reserved)
[    0.000000] SLUB: HWalign=64, Order=0-3, MinObjects=0, CPUs=2, Nodes=1
[    0.000000] Hierarchical RCU implemetatin.
[   0.00000 	Build-time djustment o leaf fanout t 64.
[    0.000000] 	RCU restricting CPUs from NR_CPUS=512 to nr_cpu_ids=2.
[    0.000000] RCU: Adjusting geometry for rcu_fanout_leaf=64, nr_cpu_ids=2
[    0.000000] NR_IRQS:33024 nr_irqs:440 16
[    0.000000] Console: colour VGA+ 80x25
[    0.000000] console [tty1] enabled
[    0.0000] consle [ttyS0]enaled
[    0.000000] tsc: Unable to calibrate against PIT
[    0.000000] tsc: using PMTIMER reference calibration
[    0.000000] tsc: Detected 1298.383 MHz processor
[    0.000000] tsc: Marking TSC unstable due to TSCs unsynchronized
[    0.031574] Calibrating delay loop (skipped), value calculated using timer frequency.. 2596.76 BogoMIPS (lpj=5193532)
[    0.039696] pid_max: default: 32768 minimum: 301
[    0.044219] ACPI: Core revision 20150930
[    0.054497] ACPI: 2 ACPI AML tables successfully acquired and loaded
[    0.060107] Security Framework initialized
[    0.063550] Yama: becoming mindful.
[    0.064111] AppArmor: AppArmor initialized
[    0.068393] Dentry cache hash table entries: 131072 (order: 8, 1048576 bytes)
[    0.072967] Inode-cache hash table entries: 65536 (order: 7, 524288 bytes)
[    0.083567] Mount-cache hash table entries: 2048 (order: 2, 16384 bytes)
[    0.084079] Mountpoint-cache hash table entries: 2048 (order: 2, 16384 bytes)
[    0.088715] Initializing cgroup subsys io
[    0.092052] Initializing cgroup subsys memory
[    0.096085] Initializing cgroup subsys devices
[    0.100050] Initializing cgroup subsys freezer
[    0.104073] Initializing cgroup subsys net_cls
[    0.108041] Initializing cgroup subsys perf_event
[    0.112058] Initializing cgroup subsys net_prio
[    0.116081] Initializing cgroup subsys hugetlb
[    0.120036] Initializing cgroup subsys pids
[    0.124324] CPU: Physical Processor ID: 0
[    0.128039] CPU: Processor Core ID: 0
[    0.132051] mce: CPU supports 0 MCE banks
[    0.136110] Last level iTLB entries: 4KB 512, 2MB 8, 4MB 4
[    0.140034] Last level dTLB entries: 4KB 512, 2MB 8, 4MB 4, 1GB 0
[    0.154780] Freeing SMP alternatives memory: 32K
[    0.187051] ftrace: allocating 32154 entries in 126 pages
[    0.216434] smpboot: APIC(0) Converting physical 0 to logical package 0
[    0.220055] smpboot: Max logical packages: 1
[    0.228607] ..TIMER: vector=0x30 apic1=0 pin1=2 apic2=-1 pin2=-1
[    0.288000] smpboot: CPU0: AMD E-300 APU with Radeon(tm) HD Graphics (family: 0x14, model: 0x2, stepping: 0x0)
[    0.300128] Performance Events: Broken PMU hardware detected, using software events only.
[    0.308043] Failed to access perfctr msr (MSR c0010007 is 0)
[    0.318206] NMI watchdog: disabled (cpu0): hardware events not enabled
[    0.320051] NMI watchdog: Shutting down hard lockup detector on all cpus
[    0.324649] x86: Booting SMP configuration:
[    0.328042] .... node  #0, CPUs:      #1
[    0.032000] mce: CPU supports 0 MCE banks
[    0.428198] x86: Booted up 1 node, 2 CPUs
[    0.432045] smpboot: Total of 2 processors activated (5192.35 BogoMIPS)
[    0.440412] devtmpfs: initialized
[    0.454873] evm: security.selinux
[    0.456040] evm: security.SMACK64
[    0.460050] evm: security.SMACK64EXEC
[    0.468758] evm: security.SMACK64TRANSMUTE
[    0.472152] evm: security.SMACK64MMAP
[    0.476030] evm: security.ima
[    0.480023] evm: security.capability
[    0.492403] clocksource: jiffies: mask: 0xffffffff max_cycles: 0xffffffff, max_idle_ns: 7645041785100000 ns
[    0.496340] futex hash table entries: 512 (order: 3, 32768 bytes)
[    0.500500] pinctrl core: initialized pinctrl subsystem
[    0.504900] RTC time: 15:53:29, date: 11/01/17
[    0.512759] NET: Registered protocol family 16
[    0.532258] cpuidle: using governor ladder
[    0.548245] cpuidle: using governor menu
[    0.556633] PCCT header not found.
[    0.561706] ACPI: bus type PCI registered
[    0.564035] acpiphp: ACPI Hot Plug PCI Controller Driver version: 0.5
[    0.572603] PCI: Using configuration type 1 for base access
[    0.580338] PCI: Using configuration type 1 for extended access
[    0.616826] ACPI: Added _OSI(Module Device)
[    0.620038] ACPI: Added _OSI(Processor Device)
[    0.624102] ACPI: Added _OSI(3.0 _SCP Extensions)
[    0.632635] ACPI: Added _OSI(Processor Aggregator Device)
[    0.641323] ACPI: Executed 1 blocks of module-level executable AML code
[    0.659256] ACPI: Interpreter enabled
[    0.664168] ACPI: (supports S0 S5)
[    0.668499] ACPI: Using IOAPIC for interrupt routing
[    0.676813] PCI: Using host bridge windows from ACPI; if necessary, use "pci=nocrs" and report a bug
[    0.689911] ACPI: PCI Root Bridge [PCI0] (domain 0000 [bus 00-ff])
[    0.692071] acpi PNP0A03:00: _OSC: OS supports [ExtendedConfig ASPM ClockPM Segments MSI]
[    0.696100] acpi PNP0A03:00: _OSC failed (AE_NOT_FOUND); disabling ASPM
[    0.700960] PCI host bridge to bus 0000:00
[    0.704084] pci_bus 0000:00: root bus resource [io  0x0000-0x0cf7 window]
[    0.713731] pci_bus 0000:00: root bus resource [io  0x0d00-0xffff window]
[    0.720869] pci_bus 0000:00: root bus resource [mem 0x000a0000-0x000bffff window]
[    0.724325] pci_bus 0000:00: root bus resource [mem 0x40000000-0xffdfffff window]
[    0.728055] pci_bus 0000:00: root bus resource [bus 00-ff]
[    0.740814] pci 0000:00:01.1: legacy IDE quirk: reg 0x10: [io  0x01f0-0x01f7]
[    0.744050] pci 0000:00:01.1: legacy IDE quirk: reg 0x14: [io  0x03f6]
[    0.748026] pci 0000:00:01.1: legacy IDE quirk: reg 0x18: [io  0x0170-0x0177]
[    0.752051] pci 0000:00:01.1: legacy IDE quirk: reg 0x1c: [io  0x0376]
[    0.887951] ACPI: PCI Interrupt Link [LNKA] (IRQs 5 9 10 11) *0, disabled.
[    0.902877] ACPI: PCI Interrupt Link [LNKB] (IRQs 5 9 10 *11)
[    0.906766] ACPI: PCI Interrupt Link [LNKC] (IRQs 5 9 *10 11)
[    0.914213] ACPI: PCI Interrupt Link [LNKD] (IRQs 5 *9 10 11)
[    0.924740] ACPI: Enabled 2 GPEs in block 00 to 07
[    0.936351] vgaarb: setting as boot device: PCI:0000:00:02.0
[    0.940000] vgaarb: device added: PCI:0000:00:02.0,decodes=io+mem,owns=io+mem,locks=none
[    0.944269] vgaarb: loaded
[    0.947430] vgaarb: bridge control possible 0000:00:02.0
[    0.949874] SCSI subsystem initialized
[    0.964145] ACPI: bus type USB registered
[    0.968318] usbcore: registered new interface driver usbfs
[    0.972189] usbcore: registered new interface driver hub
[    0.980888] usbcore: registered new device driver usb
[    0.989781] PCI: Using ACPI for IRQ routing
[    0.993084] NetLabel: Initializing
[    0.996041] NetLabel:  domain hash size = 128
[    1.000038] NetLabel:  protocols = UNLABELED CIPSOv4
[    1.004106] NetLabel:  unlabeled traffic allowed by default
[    1.012332] amd_nb: Cannot enumerate AMD northbridges
[    1.023799] clocksource: Switched to clocksource refined-jiffies
[    1.063482] AppArmor: AppArmor Filesystem Enabled
[    1.064304] pnp: PnP ACPI init
[    1.070278] pnp: PnP ACPI: found 4 devices
[    1.145460] clocksource: acpi_pm: mask: 0xffffff max_cycles: 0xffffff, max_idle_ns: 2085701024 ns
[    1.148267] clocksource: Switched to clocksource acpi_pm
[    1133] NET: Registered protocol family 2

[    1.792280] TCP established hash table entries: 8192 (order: 4, 65536 bytes)
[    1.800919] TCP bind hash table entries: 8192 (order: 5, 131072 bytes)
[    1.811864] TCP: Hash tables configured (established 8192 bind 8192)
[    1.811978] UDP hash table entries: 512 (order: 2, 16384 bytes)
[    1.815833] UDP-Lite hash table entries: 512 (order: 2, 16384 bytes)
[    1.837228] NET: Registered protocol family 1
[    1.839972] pci 0000:00:00.0: Limiting direct PCI/PCI transfers
[    1.843941] pci 0000:00:01.0: Activating ISA DMA hang workarounds
[    1.880695] Unpacking initramfs...
[    2.992008] Freeing initrd memory: 15232K
[    3.083744] clocksource: tsc: mask: 0xffffffffffffffff max_cycles: 0x12b72688a53, max_idle_ns: 440795238728 ns
[    3.174826] platform rtc_cmos: registered platform RTC device (no PNP device found)
[    3.270697] Scanning for low memory corruption every 60 seconds
[    3.278149] audit: initializing netlink subsys (disabled)
[    3.290601] audit: type=2000 audit(1509551608.287:1): initialized
[    3.297116] Initialise system trusted keyring
[    3.312672] HugeTLB registered 2 MB page size, pre-allocated 0 pages
[    3.325552] zbud: loaded
[    3.337721] VFS: Disk quotas dquot_6.6.0
[    3.342490] VFS: Dquot-cache hash table entries: 512 (order 0, 4096 bytes)
[    3.350304] squashfs: version 4.0 (2009/01/31) Phillip Lougher
[    3.378048] fuse init (API version 7.23)
[    3.384599] Key type big_key registered
[    3.390083] Allocating IMA MOK and blacklist keyrings.
[    3.436221] Key type asymmetric registered
[    3.440540] Asymmetric key parser 'x509' registered
[    3.445448] Block layer SCSI generic (bsg) driver version 0.4 loaded (major 249)
[    3.498715] io scheduler noop registered
[    3.503332] io scheduler deadline registered (default)
[    3.509697] io scheduler cfq registered
[    3.525178] pci_hotplug: PCI Hot Plug PCI Core version: 0.5
[    3.531559] pciehp: PCI Express Hot Plug Controller Driver version: 0.4
[    3.539229] ACPI: AC Adapter [AC] (off-line)
[    3.547123] input: Power Button as /devices/LNXSYSTM:00/LNXPWRBN:00/input/input0
[    3.671118] ACPI: Power Button [PWRF]
[    3.688511] input: Sleep Button as /devices/LNXSYSTM:00/LNXSLPBN:00/input/input1
[    3.814249] ACPI: Sleep Button [SLPF]
[    3.838020] GHES: HEST is not enabled!
[    3.840396] ACPI: Battery Slot [BAT0] (battery present)
[    4.006620] Serial: 8250/16550 driver, 32 ports, IRQ sharing enabled
[    4.082607] 00:03: ttyS0 at I/O 0x3f8 (irq = 4, base_baud = 115200) is a 16550A
[    4.209943] Linux agpgart interface v0.103
[    4.311946] loop: moduleoaed
[    4.9729sc hst0: ata_piix
[    5.864630] scsi host1: ata_piix
[    5.885513] ata1: PATA max UDMA/33 cmd 0x1f0 ctl 0x3f6 bmdma 0xd000 irq 14
[    5.891034] ata2: PATA max UDMA/33 cmd 0x170 ctl 0x376 bmdma 0xd008 irq 15
[    5.908526] libphy: Fixed MDIO Bus: probed
[    5.914366] tun: Universal TUN/TAP device driver, 1.6
[    5.918631] tun: (C) 1999-2004 Max Krasnyansky <maxk@qualcomm.com>
[    5.934465] PPP generic driver version 2.4.2
[    5.966252] ehci_hcd: USB 2.0 'Enhanced' Host Controller (EHCI) Driver
[    5.979161] ehci-pci: EHCI PCI platform driver
[    5.984007] ehci-platform: EHCI generic platform driver
[    5.991876] ohci_hcd: USB 1.1 'Open' Host Controller (OHCI) Driver
[    5.997351] ohci-pci: OHCI PCI platform driver
[    6.001564] ohci-platform: OHCI generic platform driver
[    6.006868] uhci_hcd: USB Universal Host Controller Interface driver
[    6.015911] i8042: PNP: PS/2 Controller [PNP0303:PS2K,PNP0f03:PS2M] at 0x60,0x64 irq 1,12
[    6.039003] serio: i8042 KBD port at 0x60,0x64 irq 1
[    6.044537] serio: i8042 AUX port at 0x60,0x64 irq 12
[    6.084470] mousedev: PS/2 mouse device common for all mice
[    6.216]npt:T anatd S 2eyoard as /deves/platform/i8042/serio0/input/input2

[    8.670848] rtc_cmos rtc_cmos: rtc core: registered rtc_cmos as rtc0
[    8.842383] rtc_cmos rtc_cmos: alarms up to one day, 114 bytes nvram
[    8.983962] i2c /dev entries driver
[    9.096548] device-mapper: uevent: version 1.0.3
[    9.236898] device-mapper: ioctl: 4.34.0-ioctl (2015-10-28) initialised: dm-devel@redhat.com
[    9.464228] ledtrig-cpu: registered to indicate activity on CPUs
[    9.649212] NET: Registered protocol family 10
[    9.790842] NET: Registered protocol family 17
[    9.923300] Key type dns_resolver registered
[   10.044869] microcode: CPU0: patch_level=0x06000626
[   10.133781] microcode: CPU1: patch_level=0x06000626
[   10.233855] microcode: Microcode Update Driver: v2.01 <tigran@aivazian.fsnet.co.uk>, Peter Oruba
[   10.383699] registered taskstats version 1
[   10.489304] Loading compiled-in X.509 certificates
[   10.638842] Loaded X.509 cert 'Build time autogenerated kernel key: 7431eaeda5a51458aeb00f8de0f18f89e178d882'
[   10.911204] zswap: loaded using pool lzo/zbud
[   10.958136] Key type trusted registered
[   11.012333] Key type encrypted registered
[   11.087656] AppArmor: AppArmor sha1 policy hashing enabled
[   11.167526] ima: No TPM chip found, activating TPM-bypass!
[   11.168005] evm: HMAC attrs: 0x1
[   11.182988]   Magic number: 9:36:891
[   11.202733] event_source msr: hash matches
[   11.206662] rtc_cmos rtc_cmos: setting system clock to 2017-11-01 15:53:42 UTC (1509551622)
[   11.214067] BIOS EDD facility v0.16 2004-Jun-25, 0 devices found
[   11.219769] EDD information not available.
[   11.233242] Freeing unused kernel memory: 1492K
[   11.238389] Write protecting the kernel read-only data: 14336k
[   11.253865] Freeing unused kernel memory: 1744K
[   11.260286] Freeing unused kernel memory: 108K
Loading, please wait...
starting version 229
[   11.491338] random: udevadm: uninitialized urandom read (16 bytes read, 5 bits of entropy available)
[   11.509269] random: systemd-udevd: uninitialized urandom read (16 bytes read, 5 bits of entropy available)
[   11.509704] random: systemd-udevd: uninitialized urandom read (16 bytes read, 5 bits of entropy available)
[   11.509760] random: systemd-udevd: uninitialized urandom read (16 bytes read, 5 bits of entropy available)
[   11.509856] random: systemd-udevd: uninitialized urandom read (16 bytes read, 5 bits of entropy available)
[   12.751539] random: udevadm: uninitialized urandom read (16 bytes read, 5 bits of entropy available)
[   12.903488] random: udevadm: uninitialized urandom read (16 bytes read, 5 bits of entropy available)
[   12.966255] random: udevadm: uninitialized urandom read (16 bytes read, 5 bits of entropy available)
[   13.156639] random: udevadm: uninitialized urandom read (16 bytes read, 5 bits of entropy available)
[   13.423064] random: udevadm: uninitialized urandom read (16 bytes read, 5 bits of entropy available)
[   13.728384] e1000: Intel(R) PRO/1000 Network Driver - version 7.3.21-k8-NAPI
[   13.739589] e1000: Copyright (c) 1999-2006 Intel Corporation.
[   13.751398] Fusion MPT base driver 3.04.20
[   13.756005] Copyright (c) 1999-2008 LSI Corporation
[   13.791772] Fusion MPT SPI Host driver 3.04.20
[   14.001468] input: ImExPS/2 Generic Explorer Mouse as /devices/platform/i8042/serio1/input/input4
[   14.509019] e1000 0000:00:03.0 eth0: (PCI:33MHz:32-bit) 02:04:e4:df:e4:d8
[   14.562188] e1000 0000:00:03.0 eth0: Intel(R) PRO/1000 Network Connection
[   14.704268] mptbase: ioc0: Initiating bringup
[   14.707715] e1000 0000:00:03.0 enp0s3: renamed from eth0
[   15.037190] ioc0: LSI53C1030 A0: Capabilities={Initiator}
[   15.330183] scsi host2: ioc0: LSI53C1030 A0, FwRev=00000000h, Ports=1, MaxQ=256, IRQ=20
[   16.876013] floppy0: no floppy controllers found
[   17.806967] scsi 2:0:0:0: Direct-Access     VBOX     HARDDISK         1.0  PQ: 0 ANSI: 5
[   17.843810] scsi target2:0:0: Beginning Domain Validation
[   17.943079] scsi target2:0:0: Domain Validation skipping write tests
[   17.952221] scsi target2:0:0: Ending Domain Validation
[   17.961573] scsi target2:0:0: asynchronous
[   17.982639] scsi 2:0:1:0: Direct-Access     VBOX     HARDDISK         1.0  PQ: 0 ANSI: 5
[   18.010141] scsi target2:0:1: Beginning Domain Validation
[   18.023149] scsi target2:0:1: Domain Validation skipping write tests
[   18.024003] scsi target2:0:1: Ending Domain Validation
[   18.031603] scsi target2:0:1: asynchronous
[   18.175264] sd 2:0:0:0: [sda] 20971520 512-byte logical blocks: (10.7 GB/10.0 GiB)
[   18.199496] sd 2:0:0:0: Attached scsi generic sg0 type 0
[   18.236836] sd 2:0:1:0: Attached scsi generic sg1 type 0
[   18.246133] sd 2:0:0:0: [sda] Write Protect is off
[   18.251320] sd 2:0:0:0: [sda] Incomplete mode parameter data
[   18.252668] sd 2:0:1:0: [sdb] 20480 512-byte logical blocks: (10.5 MB/10.0 MiB)
[   18.253079] sd 2:0:1:0: [sdb] Write Protect is off
[   18.253371] sd 2:0:1:0: [sdb] Incomplete mode parameter data
[   18.253380] sd 2:0:1:0: [sdb] Assuming drive cache: write through
[   18.294131] sd 2:0:0:0: [sda] Assuming drive cache: write through
[   18.329865] sd 2:0:1:0: [sdb] Attached SCSI disk
[   18.384002]  sda: sda1
[   18.396006] sd 2:0:0:0: [sda] Attached SCSI disk
Begin: Loading essential drivers ... [   21.169579] md: linear personality registered for level -1
[   21.238509] md: multipath personality registered for level -4
[   21.264420] md: raid0 personality registered for level 0
[   21.308881] md: raid1 personality registered for level 1
[   21.492211] raid6: sse2x1   gen()   833 MB/s
[   21.689619] raid6: sse2x1   xor()   901 MB/s
[   21.768228] raid6: sse2x2   gen()   636 MB/s
[   21.952668] raid6: sse2x2   xor()   666 MB/s
[   22.148844] raid6: sse2x4   gen()   536 MB/s
[   22.265476] raid6: sse2x4   xor()   321 MB/s
[   22.271355] raid6: using algorithm sse2x1 gen() 833 MB/s
[   22.277754] raid6: .... xor() 901 MB/s, rmw enabled
[   22.283247] raid6: using ssse3x2 recovery algorithm
[   22.307238] xor: measuring software checksum speed
[   22.361381]    prefetch64-sse:  1263.000 MB/sec
[   22.424143]    generic_sse:  2640.000 MB/sec
[   22.462382] xor: using function: generic_sse (2640.000 MB/sec)
[   22.560354] async_tx: api initialized (async)
[   22.620625] md: raid6 personality registered for level 6
[   22.626245] md: raid5 personality registered for level 5
[   22.630971] md: raid4 personality registered for level 4
[   22.685727] md: raid10 personality registered for level 10
done.
Begin: Running /scripts/init-premount ... done.
Begin: Mounting root file system ... Begin: Running /scripts/local-top ... done.
Begin: Running /scripts/local-premount ... [   22.894244] Btrfs loaded
Scanning for Btrfs filesystems
done.
Warning: fsck no[   23.211097] EXT4-fs (sda1): INFO: recovery required on readonly filesystem
t present, so sk[   23.362306] EXT4-fs (sda1): write access will be enabled during recovery
ipping root file system
[   24.412911] EXT4-fs (sda1): recovery complete
[   24.864516] random: nonblocking pool is initialized
[   24.870085] EXT4-fs (sda1): mounted filesystem with ordered data mode. Opts: (null)
done.
Begin: Running /scripts/local-bottom ... done.
Begin: Running /scripts/init-bottom ... done.
[   26.314931] systemd[1]: systemd 229 running in system mode. (+PAM +AUDIT +SELINUX +IMA +APPARMOR +SMACK +SYSVINIT +UTMP +LIBCRYPTSETUP +GCRYPT +GNUTLS +ACL +XZ -LZ4 +SECCOMP +BLKID +ELFUTILS +KMOD -IDN)
[   26.338157] systemd[1]: Detected virtualization oracle.
[   26.343723] systemd[1]: Detected architecture x86-64.

Welcome to [1mUbuntu 16.04.3 LTS[0m!

[   26.396949] systemd[1]: Set hostname to <ubuntu-xenial>.
[   28.090132] systemd[1]: Reached target User and Group Name Lookups.
[[0;32m  OK  [0m] Reached target User and Group Name Lookups.
[   28.314578] systemd[1]: Listening on Journal Audit Socket.
[[0;32m  OK  [0m] Listening on Journal Audit Socket.
[   28.449449] systemd[1]: Listening on Journal Socket (/dev/log).
[[0;32m  OK  [0m] Listening on Journal Socket (/dev/log).
[   28.681703] systemd[1]: Listening on LVM2 metadata daemon socket.
[[0;32m  OK  [0m] Listening on LVM2 metadata daemon socket.
[   28.929488] systemd[1]: Listening on udev Control Socket.
[[0;32m  OK  [0m] Listening on udev Control Socket.
[   29.175353] systemd[1]: Created slice System Slice.
[[0;32m  OK  [0m] Created slice System Slice.
[   29.236309] systemd[1]: Listening on Syslog Socket.
[[0;32m  OK  [0m] Listening on Syslog Socket.
[   29.360549] systemd[1]: Listening on LVM2 poll daemon socket.
[[0;32m  OK  [0m] Listening on LVM2 poll daemon socket.
[   29.593477] systemd[1]: Started Forward Password Requests to Wall Directory Watch.
[[0;32m  OK  [0m] Started Forward Password Requests to Wall Directory Watch.
[   29.920347] systemd[1]: Created slice system-serial\x2dgetty.slice.
[[0;32m  OK  [0m] Created slice system-serial\x2dgetty.slice.
[   30.165798] systemd[1]: Listening on Device-mapper event daemon FIFOs.
[[0;32m  OK  [0m] Listening on Device-mapper event daemon FIFOs.
[   30.414031] systemd[1]: Set up automount Arbitrary Executable File Formats File System Automount Point.
[[0;32m  OK  [0m] Set up automount Arbitrary Executab...ats File System Automount Point.
[   30.773386] systemd[1]: Listening on Journal Socket.
[[0;32m  OK  [0m] Listening on Journal Socket.
[   30.958475] systemd[1]: Starting Uncomplicated firewall...
         Starting Uncomplicated firewall...
[   31.066477] systemd[1]: Starting Create list of required static device nodes for the current kernel...
         Starting Create list of required st... nodes for the current kernel...
[   31.165649] systemd[1]: Starting Monitoring of LVM2 mirrors, snapshots etc. using dmeventd or progress polling...
         Starting Monitoring of LVM2 mirrors... dmeventd or progress polling...
[   31.541974] systemd[1]: Mounting POSIX Message Queue File System...
         Mounting POSIX Message Queue File System...
[   31.629664] systemd[1]: Starting Journal Service...
         Starting Journal Service...
[   31.688771] systemd[1]: Starting Nameserver information manager...
         Starting Nameserver information manager...
[   31.720568] systemd[1]: Started Trigger resolvconf update for networkd DNS.
[[0;32m  OK  [0m] Started Trigger resolvconf update for networkd DNS.
[   31.844411] systemd[1]: Listening on /dev/initctl Compatibility Named Pipe.
[[0;32m  OK  [0m] Listening on /dev/initctl Compatibility Named Pipe.
[   31.885203] systemd[1]: Mounting Huge Pages File System...
         Mounting Huge Pages File System...
[   31.932531] systemd[1]: Starting Set console keymap...
         Starting Set console keymap...
[   31.974604] systemd[1]: Mounting Debug File System...
         Mounting Debug File System...
[   32.063100] systemd[1]: Listening on udev Kernel Socket.
[[0;32m  OK  [0m] Listening on udev Kernel Socket.
[   32.116861] systemd[1]: Starting Remount Root and Kernel File Systems...
         Starting Remount Root and Kernel File Systems...
[   32.207624] EXT4-fs (sda1): re-mounted. Opts: (null)
[   32.224771] systemd[1]: Reached target Encrypted Volumes.
[[0;32m  OK  [0m] Reached target Encrypted Volumes.
[   32.317254] systemd[1]: Starting Load Kernel Modules...
         Starting Load Kernel Modules...
[   32.336707] systemd[1]: Created slice User and Session Slice.
[[0;32m  OK  [0m] Created slice User and Session Slice.
[   32.354787] systemd[1]: Reached target Slices.
[[0;32m  OK  [0m] Reached target Slices.
[   32.365320] systemd[1]: Reached target Swap.
[[0;32m  OK  [0m] Reached target Swap.
[   32.399967] systemd[1]: Mounted Huge Pages File System.
[   32.415388] Loading iSCSI transport class v2.0-870.
[[0;32m  OK  [0m] Mounted Huge Pages File System.
[   32.430192] systemd[1]: Mounted POSIX Message Queue File System.
[[0;32m  OK  [0m] Mounted POSIX Message Queue File System.
[   32.443396] systemd[1]: Mounted Debug File System.
[[0;32m  OK  [0m] Mounted Debug File System.
[   32.456675] systemd[1]: Started Journal Service.
[[0;32m  OK  [0m] Started Journal Service.
[[0;32m  OK  [0m] Started Uncomplicated firewall.
[[0;32m  OK  [0m] Started Create list of required sta...ce nodes for the current kernel.
[[0;32m  OK  [0m] Started Remount Root and Kernel File Systems.
[   32.586162] iscsi: registered transport (tcp)
[[0;32m  OK  [0m] Started Nameserver information manager.
[[0;32m  OK  [0m] Started Set console keymap.
[   32.885878] iscsi: registered transport (iser)
[[0;32m  OK  [0m] Started Load Kernel Modules.
         Mounting FUSE Control File System...
         Starting Apply Kernel Variables...
[[0;32m  OK  [0m] Started LVM2 metadata daemon.
         Starting Initial cloud-init job (pre-networking)...
         Starting Load/Save Random Seed...
         Starting udev Coldplug all Devices...
         Starting Create Static Device Nodes in /dev...
         Starting Flush Journal to Persistent Storage...
[[0;32m  OK  [0m] Mounted FUSE Control File System.
[[0;32m  OK  [0m] Started Apply Kernel Variables.
[[0;32m  OK  [0m] Started Load/Save Random Seed.
[[0;32m  OK  [0m] Started Monitoring of LVM2 mirrors,...ng dmeventd or progress polling.
[[0;32m  OK  [0m] Started Create Static Device Nodes in /dev.
[[0;32m  OK  [0m] Started udev Coldplug all Devices.
[[0;32m  OK  [0m] Started Flush Journal to Persistent Storage.
         Starting udev Kernel Device Manager...
[[0;32m  OK  [0m] Started udev Kernel Device Manager.
[[0;32m  OK  [0m] Reached target Local File Systems (Pre).
[[0;32m  OK  [0m] Reached target Local File Systems.
         Starting Tell Plymouth To Write Out Runtime Data...
         Starting LSB: AppArmor initialization...
         Starting Create Volatile Files and Directories...
         Starting Set console font and keymap...
[[0;32m  OK  [0m] Started Dispatch Password Requests to Console Directory Watch.
[[0;32m  OK  [0m] Started Tell Plymouth To Write Out Runtime Data.
[[0;32m  OK  [0m] Started Create Volatile Files and Directories.
[[0;32m  OK  [0m] Reached target System Time Synchronized.
         Starting Update UTMP about System Boot/Shutdown...
[[0;32m  OK  [0m] Started Update UTMP about System Boot/Shutdown.
[[0;32m  OK  [0m] Found device /dev/ttyS0.
[[0;32m  OK  [0m] Started LSB: AppArmor initialization.
[[0;32m  OK  [0m] Started Set console font and keymap.
[[0;32m  OK  [0m] Created slice system-getty.slice.
[[0;32m  OK  [0m] Found device 82540EM Gigabit Ethern...r (PRO/1000 MT Desktop Adapter).
[[0;32m  OK  [0m] Listening on Load/Save RF Kill Switch Status /dev/rfkill Watch.
[   45.426254] cloud-init[435]: Cloud-init v. 0.7.9 running 'init-local' at Wed, 01 Nov 2017 15:54:14 +0000. Up 43.17 seconds.
[[0;32m  OK  [0m] Started Initial cloud-init job (pre-networking).
[[0;32m  OK  [0m] Reached target Network (Pre).
         Starting Raise network interfaces...
[[0;32m  OK  [0m] Started ifup for enp0s3.
[[0;32m  OK  [0m] Started Raise network interfaces.
[[0;32m  OK  [0m] Reached target Network.
         Starting Initial cloud-init job (metadata service crawler)...
[   55.035300] cloud-init[980]: Cloud-init v. 0.7.9 running 'init' at Wed, 01 Nov 2017 15:54:21 +0000. Up 49.97 seconds.
[   55.075770] cloud-init[980]: ci-info: +++++++++++++++++++++++++++++++++++++Net device info+++++++++++++++++++++++++++++++++++++
[   55.101564] cloud-init[980]: ci-info: +--------+------+---------------------------+---------------+-------+-------------------+
[   55.138469] cloud-init[980]: ci-info: | Device |  Up  |          Address          |      Mask     | Scope |     Hw-Address    |
[   55.182188] cloud-init[980]: ci-info: +--------+------+---------------------------+---------------+-------+-------------------+
[   55.218799] cloud-init[980]: ci-info: | enp0s3 | True |         10.0.2.15         | 255.255.255.0 |   .   | 02:04:e4:df:e4:d8 |
[   55.284071] cloud-init[980]: ci-info: | enp0s3 | True | fe80::4:e4ff:fedf:e4d8/64 |       .       |  link | 02:04:e4:df:e4:d8 |
[   55.337430] cloud-init[980]: ci-info: |   lo   | True |         127.0.0.1         |   255.0.0.0   |   .   |         .         |
[   55.374716] cloud-init[980]: ci-info: |   lo   | True |          ::1/128          |       .       |  host |         .         |
[   55.421232] cloud-init[980]: ci-info: +--------+------+---------------------------+---------------+-------+-------------------+
[   55.510811] cloud-init[980]: ci-info: +++++++++++++++++++++++++++Route IPv4 info++++++++++++++++++++++++++++
[   55.544275] cloud-init[980]: ci-info: +-------+-------------+----------+---------------+-----------+-------+
[   55.575863] cloud-init[980]: ci-info: | Route | Destination | Gateway  |    Genmask    | Interface | Flags |
[   55.610924] cloud-init[980]: ci-info: +-------+-------------+----------+---------------+-----------+-------+
[   55.634796] cloud-init[980]: ci-info: |   0   |   0.0.0.0   | 10.0.2.2 |    0.0.0.0    |   enp0s3  |   UG  |
[   55.668448] cloud-init[980]: ci-info: |   1   |   10.0.2.0  | 0.0.0.0  | 255.255.255.0 |   enp0s3  |   U   |
[   55.703622] cloud-init[980]: ci-info: +-------+-------------+----------+---------------+-----------+-------+
[[0;32m  OK  [0m] Started Initial cloud-init job (metadata service crawler).
[[0;32m  OK  [0m] Reached target System Initialization.
[[0;32m  OK  [0m] Listening on UUID daemon activation socket.
[[0;32m  OK  [0m] Started Daily Cleanup of Temporary Directories.
[[0;32m  OK  [0m] Listening on D-Bus System Message Bus Socket.
[[0;32m  OK  [0m] Started Timer to automatically refresh installed snaps.
[[0;32m  OK  [0m] Started ACPI Events Check.
[[0;32m  OK  [0m] Reached target Paths.
         Starting Socket activation for snappy daemon.
         Starting LXD - unix socket.
[[0;32m  OK  [0m] Listening on ACPID Listen Socket.
[[0;32m  OK  [0m] Reached target Cloud-config availability.
[[0;32m  OK  [0m] Reached target Network is Online.
[[0;32m  OK  [0m] Started Daily apt download activities.
[[0;32m  OK  [0m] Started Daily apt upgrade and clean activities.
[[0;32m  OK  [0m] Reached target Timers.
         Starting iSCSI initiator daemon (iscsid)...
[[0;32m  OK  [0m] Listening on Socket activation for snappy daemon.
[[0;32m  OK  [0m] Listening on LXD - unix socket.
[[0;32m  OK  [0m] Started iSCSI initiator daemon (iscsid).
         Starting Login to default iSCSI targets...
[[0;32m  OK  [0m] Reached target Sockets.
[[0;32m  OK  [0m] Reached target Basic System.
         Starting Login Service...
         Starting LSB: Record successful boot for GRUB...
         Starting Accounts Service...
[[0;32m  OK  [0m] Started FUSE filesystem for LXC.
         Starting System Logging Service...
         Starting /etc/rc.local Compatibility...
         Starting LXD - container startup/shutdown...
         Starting OpenBSD Secure Shell server...
[[0;32m  OK  [0m] Started Unattended Upgrades Shutdown.
[[0;32m  OK  [0m] Started ACPI event daemon.
[[0;32m  OK  [0m] Started Snappy daemon.
         Starting Auto import assertions from block devices...
[[0;32m  OK  [0m] Started D-Bus System Message Bus.
[[0;32m  OK  [0m] Started Deferred execution scheduler.
         Starting LSB: MD monitoring daemon...
         Starting Apply the settings specified in cloud-config...
[[0;32m  OK  [0m] Started Regular background program processing daemon.
[[0;32m  OK  [0m] Started System Logging Service.
[[0;32m  OK  [0m] Started OpenBSD Secure Shell server.
[[0;32m  OK  [0m] Started /etc/rc.local Compatibility.
[[0;32m  OK  [0m] Started Auto import assertions from block devices.
[[0;32m  OK  [0m] Started Login to default iSCSI targets.
[[0;32m  OK  [0m] Started LSB: Record successful boot for GRUB.
[[0;32m  OK  [0m] Started LXD - container startup/shutdown.
[[0;32m  OK  [0m] Started LSB: MD monitoring daemon.
[[0;32m  OK  [0m] Started Login Service.
         Starting Authenticate and Authorize Users to Run Privileged Tasks...
[[0;32m  OK  [0m] Reached target Remote File Systems (Pre).
[[0;32m  OK  [0m] Reached target Remote File Systems.
         Starting LSB: automatic crash report generation...
         Starting LSB: VirtualBox Linux Additions...
         Starting LSB: daemon to balance interrupts for SMP systems...
         Starting Permit User Sessions...
         Starting LSB: Set the CPU Frequency Scaling governor to "ondemand"...
[[0;32m  OK  [0m] Started Permit User Sessions.
[[0;32m  OK  [0m] Started Authenticate and Authorize Users to Run Privileged Tasks.
[[0;32m  OK  [0m] Started Accounts Service.
         Starting Hold until boot process finishes up...
         Starting Terminate Plymouth Boot Screen...
[[0;32m  OK  [0m] Started LSB: Set the CPU Frequency Scaling governor to "ondemand".
[[0;32m  OK  [0m] Started Hold until boot process finishes up.
[[0;32m  OK  [0m] Started Terminate Plymouth Boot Screen.
[[0;32m  OK  [0m] Started LSB: daemon to balance interrupts for SMP systems.
[[0;32m  OK  [0m] Started LSB: automatic crash report generation.
[[0;32m  OK  [0m] Created slice User Slice of ubuntu.
         Starting User Manager for UID 1000...
[[0;32m  OK  [0m] Started Session 1 of user ubuntu.
[[0;32m  OK  [0m] Started Getty on tty1.
[[0;32m  OK  [0m] Started Serial Getty on ttyS0.
[[0;32m  OK  [0m] Reached target Login Prompts.
         Starting Set console scheme...
[[0;32m  OK  [0m] Started Set console scheme.
[[0;32m  OK  [0m] Started User Manager for UID 1000.
[[0;32m  OK  [0m] Started LSB: VirtualBox Linux Additions.
[[0;32m  OK  [0m] Reached target Multi-User System.
[[0;32m  OK  [0m] Reached target Graphical Interface.
         Starting Update UTMP about System Runlevel Changes...
[[0;32m  OK  [0m] Started Update UTMP about System Runlevel Changes.
[   67.853737] cloud-init[1112]: Cloud-init v. 0.7.9 running 'modules:config' at Wed, 01 Nov 2017 15:54:38 +0000. Up 66.93 seconds.
[[0;32m  OK  [0m] Started Apply the settings specified in cloud-config.
         Starting Execute cloud user/final scripts...

Ubuntu 16.04.3 LTS ubuntu-xenial ttyS0

ubuntu-xenial login: [   71.896359] cloud-init[1320]: Cloud-init v. 0.7.9 running 'modules:final' at Wed, 01 Nov 2017 15:54:42 +0000. Up 70.96 seconds.
[   71.898360] cloud-init[1320]: Cloud-init v. 0.7.9 finished at Wed, 01 Nov 2017 15:54:43 +0000. Datasource DataSourceNoCloud [seed=/dev/sdb][dsmode=net].  Up 71.83 seconds
